Removed Pin From Net: NetName=GND Pin=T1-1
Removed Pin From Net: NetName=NetDS_11 Pin=T1-2
Removed Pin From Net: NetName=NetDS_7 Pin=T1-3
Removed Pin From Net: NetName=NetDS_4 Pin=T1-4
Removed Pin From Net: NetName=NetDS_2 Pin=T1-5
Removed Pin From Net: NetName=NetDS_1 Pin=T1-6
Removed Pin From Net: NetName=NetDS_10 Pin=T1-7
Removed Pin From Net: NetName=NetDS_5 Pin=T1-8
Removed Pin From Net: NetName=NetDS_3 Pin=T1-9
Removed Pin From Net: NetName=NetDS_6 Pin=T1-12
Removed Pin From Net: NetName=NetDS_8 Pin=T1-13
Removed Pin From Net: NetName=NetDS_9 Pin=T1-14
Removed Pin From Net: NetName=NetDS_12 Pin=T1-15
Removed Pin From Net: NetName=+3.3 V Pin=T1-16
Removed Pin From Net: NetName=NetC2_1 Pin=T1-17
Removed Pin From Net: NetName=NetC1_1 Pin=T1-18
Change Component Footprint: Designator=R1 Old Footprint=Resistor New Footprint=RES_ERJU01J221C
Change Component Footprint: Designator=R2 Old Footprint=Resistor New Footprint=RES_ERJU01J221C
Change Component Footprint: Designator=R3 Old Footprint=Resistor New Footprint=RES_ERJU01J221C
Change Component Footprint: Designator=R4 Old Footprint=Resistor New Footprint=RES_ERJU01J221C
Change Component Footprint: Designator=R5 Old Footprint=Resistor New Footprint=RES_ERJU01J221C
Change Component Footprint: Designator=R6 Old Footprint=Resistor New Footprint=RES_ERJU01J221C
Change Component Footprint: Designator=R7 Old Footprint=Resistor New Footprint=RES_ERJU01J221C
Change Component Footprint: Designator=R8 Old Footprint=Resistor New Footprint=RES_ERJU01J221C
Add Component: Footprint Not Found TM1637
Add Pin To Net: Unknown Pin: Pin T1-2
Add Pin To Net: Unknown Pin: Pin T1-3
Add Pin To Net: Unknown Pin: Pin T1-4
Add Pin To Net: Unknown Pin: Pin T1-5
Add Pin To Net: Unknown Pin: Pin T1-6
Add Pin To Net: Unknown Pin: Pin T1-7
Add Pin To Net: Unknown Pin: Pin T1-8
Add Pin To Net: Unknown Pin: Pin T1-9
Add Pin To Net: Unknown Pin: Pin T1-12
Add Pin To Net: Unknown Pin: Pin T1-13
Add Pin To Net: Unknown Pin: Pin T1-14
Add Pin To Net: Unknown Pin: Pin T1-15
Add Pin To Net: Unknown Pin: Pin T1-17
Add Pin To Net: Unknown Pin: Pin T1-18
